<html>
<head>
<title>TestNG:  Test</title>
<link href="../testng.css" rel="stylesheet" type="text/css" />
<link href="../my-testng.css" rel="stylesheet" type="text/css" />

<style type="text/css">
.log { display: none;} 
.stack-trace { display: none;} 
</style>
<script type="text/javascript">
<!--
function flip(e) {
  current = e.style.display;
  if (current == 'block') {
    e.style.display = 'none';
    return 0;
  }
  else {
    e.style.display = 'block';
    return 1;
  }
}

function toggleBox(szDivId, elem, msg1, msg2)
{
  var res = -1;  if (document.getElementById) {
    res = flip(document.getElementById(szDivId));
  }
  else if (document.all) {
    // this is the way old msie versions work
    res = flip(document.all[szDivId]);
  }
  if(elem) {
    if(res == 0) elem.innerHTML = msg1; else elem.innerHTML = msg2;
  }

}

function toggleAllBoxes() {
  if (document.getElementsByTagName) {
    d = document.getElementsByTagName('div');
    for (i = 0; i < d.length; i++) {
      if (d[i].className == 'log') {
        flip(d[i]);
      }
    }
  }
}

// -->
</script>

</head>
<body>
<h2 align='center'>Test</h2><table border='1' align="center">
<tr>
<td>Tests passed/Failed/Skipped:</td><td>16/4/0</td>
</tr><tr>
<td>Started on:</td><td>Thu Feb 11 20:01:05 IST 2021</td>
</tr>
<tr><td>Total time:</td><td>881 seconds (881752 ms)</td>
</tr><tr>
<td>Included groups:</td><td></td>
</tr><tr>
<td>Excluded groups:</td><td></td>
</tr>
</table><p/>
<small><i>(Hover the method name to see the test class name)</i></small><p/>
<table width='100%' border='1' class='invocation-failed'>
<tr><td colspan='4' align='center'><b>FAILED TESTS</b></td></tr>
<tr><td><b>Test method</b></td>
<td width="30%"><b>Exception</b></td>
<td width="10%"><b>Time (seconds)</b></td>
<td><b>Instance</b></td>
</tr>
<tr>
<td title='Test_RedBus.Sign_In_Test.InValidSignIn()'><b>InValidSignIn</b><br>Test class: Test_RedBus.Sign_In_Test</td>
<td><div><pre>java.lang.AssertionError: The following asserts failed:
	expected [true] but found [false]
	at Test_RedBus.Sign_In_Test.InValidSignIn(Sign_In_Test.java:61)
	at java.base/java.util.ArrayList.forEach(ArrayList.java:1511)
... Removed 29 stack frames</pre></div><a href='#' onClick='toggleBox("stack-trace614159535", this, "Click to show all stack frames", "Click to hide stack frames")'>Click to show all stack frames</a>
<div class='stack-trace' id='stack-trace614159535'><pre>java.lang.AssertionError: The following asserts failed:
	expected [true] but found [false]
	at org.testng.asserts.SoftAssert.assertAll(SoftAssert.java:47)
	at org.testng.asserts.SoftAssert.assertAll(SoftAssert.java:31)
	at Test_RedBus.Sign_In_Test.InValidSignIn(Sign_In_Test.java:61)
	at java.base/jdk.internal.reflect.NativeMethodAccessorImpl.invoke0(Native Method)
	at java.base/jdk.internal.reflect.NativeMethodAccessorImpl.invoke(NativeMethodAccessorImpl.java:62)
	at java.base/jdk.internal.reflect.DelegatingMethodAccessorImpl.invoke(DelegatingMethodAccessorImpl.java:43)
	at java.base/java.lang.reflect.Method.invoke(Method.java:564)
	at org.testng.internal.MethodInvocationHelper.invokeMethod(MethodInvocationHelper.java:134)
	at org.testng.internal.TestInvoker.invokeMethod(TestInvoker.java:597)
	at org.testng.internal.TestInvoker.invokeTestMethod(TestInvoker.java:173)
	at org.testng.internal.MethodRunner.runInSequence(MethodRunner.java:46)
	at org.testng.internal.TestInvoker$MethodInvocationAgent.invoke(TestInvoker.java:816)
	at org.testng.internal.TestInvoker.invokeTestMethods(TestInvoker.java:146)
	at org.testng.internal.TestMethodWorker.invokeTestMethods(TestMethodWorker.java:146)
	at org.testng.internal.TestMethodWorker.run(TestMethodWorker.java:128)
	at java.base/java.util.ArrayList.forEach(ArrayList.java:1511)
	at org.testng.TestRunner.privateRun(TestRunner.java:766)
	at org.testng.TestRunner.run(TestRunner.java:587)
	at org.testng.SuiteRunner.runTest(SuiteRunner.java:384)
	at org.testng.SuiteRunner.runSequentially(SuiteRunner.java:378)
	at org.testng.SuiteRunner.privateRun(SuiteRunner.java:337)
	at org.testng.SuiteRunner.run(SuiteRunner.java:286)
	at org.testng.SuiteRunnerWorker.runSuite(SuiteRunnerWorker.java:53)
	at org.testng.SuiteRunnerWorker.run(SuiteRunnerWorker.java:96)
	at org.testng.TestNG.runSuitesSequentially(TestNG.java:1187)
	at org.testng.TestNG.runSuitesLocally(TestNG.java:1109)
	at org.testng.TestNG.runSuites(TestNG.java:1039)
	at org.testng.TestNG.run(TestNG.java:1007)
	at org.testng.remote.AbstractRemoteTestNG.run(AbstractRemoteTestNG.java:115)
	at org.testng.remote.RemoteTestNG.initAndRun(RemoteTestNG.java:251)
	at org.testng.remote.RemoteTestNG.main(RemoteTestNG.java:77)
</pre></div></td>
<td>41</td>
<td>Test_RedBus.Sign_In_Test@652a7737</td></tr>
<tr>
<td title='Test_RedBus.Sign_Out_From_All_Devices_Test.InValidSignOutFromAllDevices()'><b>InValidSignOutFromAllDevices</b><br>Test class: Test_RedBus.Sign_Out_From_All_Devices_Test</td>
<td><div><pre>java.lang.AssertionError: The following asserts failed:
	expected [false] but found [true]
	at Pages_RedBus.Wallet_Card_Window_Pages.HelpBtNIsNotDisplayed(Wallet_Card_Window_Pages.java:40)
	at Test_RedBus.Sign_Out_From_All_Devices_Test.InValidSignOutFromAllDevices(Sign_Out_From_All_Devices_Test.java:68)
	at java.base/java.util.ArrayList.forEach(ArrayList.java:1511)
... Removed 29 stack frames</pre></div><a href='#' onClick='toggleBox("stack-trace639542871", this, "Click to show all stack frames", "Click to hide stack frames")'>Click to show all stack frames</a>
<div class='stack-trace' id='stack-trace639542871'><pre>java.lang.AssertionError: The following asserts failed:
	expected [false] but found [true]
	at org.testng.asserts.SoftAssert.assertAll(SoftAssert.java:47)
	at org.testng.asserts.SoftAssert.assertAll(SoftAssert.java:31)
	at Pages_RedBus.Wallet_Card_Window_Pages.HelpBtNIsNotDisplayed(Wallet_Card_Window_Pages.java:40)
	at Test_RedBus.Sign_Out_From_All_Devices_Test.InValidSignOutFromAllDevices(Sign_Out_From_All_Devices_Test.java:68)
	at java.base/jdk.internal.reflect.NativeMethodAccessorImpl.invoke0(Native Method)
	at java.base/jdk.internal.reflect.NativeMethodAccessorImpl.invoke(NativeMethodAccessorImpl.java:62)
	at java.base/jdk.internal.reflect.DelegatingMethodAccessorImpl.invoke(DelegatingMethodAccessorImpl.java:43)
	at java.base/java.lang.reflect.Method.invoke(Method.java:564)
	at org.testng.internal.MethodInvocationHelper.invokeMethod(MethodInvocationHelper.java:134)
	at org.testng.internal.TestInvoker.invokeMethod(TestInvoker.java:597)
	at org.testng.internal.TestInvoker.invokeTestMethod(TestInvoker.java:173)
	at org.testng.internal.MethodRunner.runInSequence(MethodRunner.java:46)
	at org.testng.internal.TestInvoker$MethodInvocationAgent.invoke(TestInvoker.java:816)
	at org.testng.internal.TestInvoker.invokeTestMethods(TestInvoker.java:146)
	at org.testng.internal.TestMethodWorker.invokeTestMethods(TestMethodWorker.java:146)
	at org.testng.internal.TestMethodWorker.run(TestMethodWorker.java:128)
	at java.base/java.util.ArrayList.forEach(ArrayList.java:1511)
	at org.testng.TestRunner.privateRun(TestRunner.java:766)
	at org.testng.TestRunner.run(TestRunner.java:587)
	at org.testng.SuiteRunner.runTest(SuiteRunner.java:384)
	at org.testng.SuiteRunner.runSequentially(SuiteRunner.java:378)
	at org.testng.SuiteRunner.privateRun(SuiteRunner.java:337)
	at org.testng.SuiteRunner.run(SuiteRunner.java:286)
	at org.testng.SuiteRunnerWorker.runSuite(SuiteRunnerWorker.java:53)
	at org.testng.SuiteRunnerWorker.run(SuiteRunnerWorker.java:96)
	at org.testng.TestNG.runSuitesSequentially(TestNG.java:1187)
	at org.testng.TestNG.runSuitesLocally(TestNG.java:1109)
	at org.testng.TestNG.runSuites(TestNG.java:1039)
	at org.testng.TestNG.run(TestNG.java:1007)
	at org.testng.remote.AbstractRemoteTestNG.run(AbstractRemoteTestNG.java:115)
	at org.testng.remote.RemoteTestNG.initAndRun(RemoteTestNG.java:251)
	at org.testng.remote.RemoteTestNG.main(RemoteTestNG.java:77)
</pre></div></td>
<td>35</td>
<td>Test_RedBus.Sign_Out_From_All_Devices_Test@654d8173</td></tr>
<tr>
<td title='Test_RedBus.Update_Profile_Test.InvalidUpdate()'><b>InvalidUpdate</b><br>Test class: Test_RedBus.Update_Profile_Test</td>
<td><div><pre>java.lang.AssertionError: The following asserts failed:
	expected [true] but found [false]
	at Test_RedBus.Update_Profile_Test.InvalidUpdate(Update_Profile_Test.java:77)
	at java.base/java.util.ArrayList.forEach(ArrayList.java:1511)
... Removed 29 stack frames</pre></div><a href='#' onClick='toggleBox("stack-trace317051873", this, "Click to show all stack frames", "Click to hide stack frames")'>Click to show all stack frames</a>
<div class='stack-trace' id='stack-trace317051873'><pre>java.lang.AssertionError: The following asserts failed:
	expected [true] but found [false]
	at org.testng.asserts.SoftAssert.assertAll(SoftAssert.java:47)
	at org.testng.asserts.SoftAssert.assertAll(SoftAssert.java:31)
	at Test_RedBus.Update_Profile_Test.InvalidUpdate(Update_Profile_Test.java:77)
	at java.base/jdk.internal.reflect.NativeMethodAccessorImpl.invoke0(Native Method)
	at java.base/jdk.internal.reflect.NativeMethodAccessorImpl.invoke(NativeMethodAccessorImpl.java:62)
	at java.base/jdk.internal.reflect.DelegatingMethodAccessorImpl.invoke(DelegatingMethodAccessorImpl.java:43)
	at java.base/java.lang.reflect.Method.invoke(Method.java:564)
	at org.testng.internal.MethodInvocationHelper.invokeMethod(MethodInvocationHelper.java:134)
	at org.testng.internal.TestInvoker.invokeMethod(TestInvoker.java:597)
	at org.testng.internal.TestInvoker.invokeTestMethod(TestInvoker.java:173)
	at org.testng.internal.MethodRunner.runInSequence(MethodRunner.java:46)
	at org.testng.internal.TestInvoker$MethodInvocationAgent.invoke(TestInvoker.java:816)
	at org.testng.internal.TestInvoker.invokeTestMethods(TestInvoker.java:146)
	at org.testng.internal.TestMethodWorker.invokeTestMethods(TestMethodWorker.java:146)
	at org.testng.internal.TestMethodWorker.run(TestMethodWorker.java:128)
	at java.base/java.util.ArrayList.forEach(ArrayList.java:1511)
	at org.testng.TestRunner.privateRun(TestRunner.java:766)
	at org.testng.TestRunner.run(TestRunner.java:587)
	at org.testng.SuiteRunner.runTest(SuiteRunner.java:384)
	at org.testng.SuiteRunner.runSequentially(SuiteRunner.java:378)
	at org.testng.SuiteRunner.privateRun(SuiteRunner.java:337)
	at org.testng.SuiteRunner.run(SuiteRunner.java:286)
	at org.testng.SuiteRunnerWorker.runSuite(SuiteRunnerWorker.java:53)
	at org.testng.SuiteRunnerWorker.run(SuiteRunnerWorker.java:96)
	at org.testng.TestNG.runSuitesSequentially(TestNG.java:1187)
	at org.testng.TestNG.runSuitesLocally(TestNG.java:1109)
	at org.testng.TestNG.runSuites(TestNG.java:1039)
	at org.testng.TestNG.run(TestNG.java:1007)
	at org.testng.remote.AbstractRemoteTestNG.run(AbstractRemoteTestNG.java:115)
	at org.testng.remote.RemoteTestNG.initAndRun(RemoteTestNG.java:251)
	at org.testng.remote.RemoteTestNG.main(RemoteTestNG.java:77)
</pre></div></td>
<td>55</td>
<td>Test_RedBus.Update_Profile_Test@5b057c8c</td></tr>
<tr>
<td title='Test_RedBus.My_Trips_Window_Test.MyTripsWindowFailed()'><b>MyTripsWindowFailed</b><br>Test class: Test_RedBus.My_Trips_Window_Test</td>
<td><div><pre>java.lang.AssertionError: The following asserts failed:
	expected [false] but found [true]
	at Pages_RedBus.My_Trips_Window_Page.CompletedBtNIsNotDisplayed(My_Trips_Window_Page.java:48)
	at Test_RedBus.My_Trips_Window_Test.MyTripsWindowFailed(My_Trips_Window_Test.java:65)
	at java.base/java.util.ArrayList.forEach(ArrayList.java:1511)
... Removed 29 stack frames</pre></div><a href='#' onClick='toggleBox("stack-trace1373885310", this, "Click to show all stack frames", "Click to hide stack frames")'>Click to show all stack frames</a>
<div class='stack-trace' id='stack-trace1373885310'><pre>java.lang.AssertionError: The following asserts failed:
	expected [false] but found [true]
	at org.testng.asserts.SoftAssert.assertAll(SoftAssert.java:47)
	at org.testng.asserts.SoftAssert.assertAll(SoftAssert.java:31)
	at Pages_RedBus.My_Trips_Window_Page.CompletedBtNIsNotDisplayed(My_Trips_Window_Page.java:48)
	at Test_RedBus.My_Trips_Window_Test.MyTripsWindowFailed(My_Trips_Window_Test.java:65)
	at java.base/jdk.internal.reflect.NativeMethodAccessorImpl.invoke0(Native Method)
	at java.base/jdk.internal.reflect.NativeMethodAccessorImpl.invoke(NativeMethodAccessorImpl.java:62)
	at java.base/jdk.internal.reflect.DelegatingMethodAccessorImpl.invoke(DelegatingMethodAccessorImpl.java:43)
	at java.base/java.lang.reflect.Method.invoke(Method.java:564)
	at org.testng.internal.MethodInvocationHelper.invokeMethod(MethodInvocationHelper.java:134)
	at org.testng.internal.TestInvoker.invokeMethod(TestInvoker.java:597)
	at org.testng.internal.TestInvoker.invokeTestMethod(TestInvoker.java:173)
	at org.testng.internal.MethodRunner.runInSequence(MethodRunner.java:46)
	at org.testng.internal.TestInvoker$MethodInvocationAgent.invoke(TestInvoker.java:816)
	at org.testng.internal.TestInvoker.invokeTestMethods(TestInvoker.java:146)
	at org.testng.internal.TestMethodWorker.invokeTestMethods(TestMethodWorker.java:146)
	at org.testng.internal.TestMethodWorker.run(TestMethodWorker.java:128)
	at java.base/java.util.ArrayList.forEach(ArrayList.java:1511)
	at org.testng.TestRunner.privateRun(TestRunner.java:766)
	at org.testng.TestRunner.run(TestRunner.java:587)
	at org.testng.SuiteRunner.runTest(SuiteRunner.java:384)
	at org.testng.SuiteRunner.runSequentially(SuiteRunner.java:378)
	at org.testng.SuiteRunner.privateRun(SuiteRunner.java:337)
	at org.testng.SuiteRunner.run(SuiteRunner.java:286)
	at org.testng.SuiteRunnerWorker.runSuite(SuiteRunnerWorker.java:53)
	at org.testng.SuiteRunnerWorker.run(SuiteRunnerWorker.java:96)
	at org.testng.TestNG.runSuitesSequentially(TestNG.java:1187)
	at org.testng.TestNG.runSuitesLocally(TestNG.java:1109)
	at org.testng.TestNG.runSuites(TestNG.java:1039)
	at org.testng.TestNG.run(TestNG.java:1007)
	at org.testng.remote.AbstractRemoteTestNG.run(AbstractRemoteTestNG.java:115)
	at org.testng.remote.RemoteTestNG.initAndRun(RemoteTestNG.java:251)
	at org.testng.remote.RemoteTestNG.main(RemoteTestNG.java:77)
</pre></div></td>
<td>62</td>
<td>Test_RedBus.My_Trips_Window_Test@636e8cc</td></tr>
</table><p>
<table width='100%' border='1' class='invocation-passed'>
<tr><td colspan='4' align='center'><b>PASSED TESTS</b></td></tr>
<tr><td><b>Test method</b></td>
<td width="30%"><b>Exception</b></td>
<td width="10%"><b>Time (seconds)</b></td>
<td><b>Instance</b></td>
</tr>
<tr>
<td title='Test_RedBus.Cancel_Ticket_Test.CancelTicketFuntion()'><b>CancelTicketFuntion</b><br>Test class: Test_RedBus.Cancel_Ticket_Test</td>
<td></td>
<td>68</td>
<td>Test_RedBus.Cancel_Ticket_Test@14f5da2c</td></tr>
<tr>
<td title='Test_RedBus.Know_More_Test.KnowMoreFuntionalityCheck()'><b>KnowMoreFuntionalityCheck</b><br>Test class: Test_RedBus.Know_More_Test</td>
<td></td>
<td>22</td>
<td>Test_RedBus.Know_More_Test@1eb6749b</td></tr>
<tr>
<td title='Test_RedBus.My_Trips_Window_Test.MyTripsWindow()'><b>MyTripsWindow</b><br>Test class: Test_RedBus.My_Trips_Window_Test</td>
<td></td>
<td>48</td>
<td>Test_RedBus.My_Trips_Window_Test@636e8cc</td></tr>
<tr>
<td title='Test_RedBus.My_Profile_Window_Test.ProfileWindowCheck()'><b>ProfileWindowCheck</b><br>Test class: Test_RedBus.My_Profile_Window_Test</td>
<td></td>
<td>41</td>
<td>Test_RedBus.My_Profile_Window_Test@12dae582</td></tr>
<tr>
<td title='Test_RedBus.Safety_Program_Test.SafetyProgramFuntionalityCheck()'><b>SafetyProgramFuntionalityCheck</b><br>Test class: Test_RedBus.Safety_Program_Test</td>
<td></td>
<td>30</td>
<td>Test_RedBus.Safety_Program_Test@619bfe29</td></tr>
<tr>
<td title='Test_RedBus.Wallet_Card_Window_Test.SavedCardInWallet()'><b>SavedCardInWallet</b><br>Test class: Test_RedBus.Wallet_Card_Window_Test</td>
<td></td>
<td>39</td>
<td>Test_RedBus.Wallet_Card_Window_Test@5827af16</td></tr>
<tr>
<td title='Test_RedBus.Show_My_Ticket_Test.ShowMyTicket()'><b>ShowMyTicket</b><br>Test class: Test_RedBus.Show_My_Ticket_Test</td>
<td></td>
<td>51</td>
<td>Test_RedBus.Show_My_Ticket_Test@239b0f9d</td></tr>
<tr>
<td title='Test_RedBus.Sign_In_Test.ValidSignIn()'><b>ValidSignIn</b><br>Test class: Test_RedBus.Sign_In_Test</td>
<td></td>
<td>32</td>
<td>Test_RedBus.Sign_In_Test@652a7737</td></tr>
<tr>
<td title='Test_RedBus.Sign_Out_From_All_Devices_Test.ValidSignOutFromAllDevices()'><b>ValidSignOutFromAllDevices</b><br>Test class: Test_RedBus.Sign_Out_From_All_Devices_Test</td>
<td></td>
<td>48</td>
<td>Test_RedBus.Sign_Out_From_All_Devices_Test@654d8173</td></tr>
<tr>
<td title='Test_RedBus.Update_Profile_Test.ValidUpdate()'><b>ValidUpdate</b><br>Test class: Test_RedBus.Update_Profile_Test</td>
<td></td>
<td>44</td>
<td>Test_RedBus.Update_Profile_Test@5b057c8c</td></tr>
<tr>
<td title='Test_RedBus.Wallet_Money_Test.WalletBalanceCheck()'><b>WalletBalanceCheck</b><br>Test class: Test_RedBus.Wallet_Money_Test</td>
<td></td>
<td>46</td>
<td>Test_RedBus.Wallet_Money_Test@f79a760</td></tr>
<tr>
<td title='Test_RedBus.rPool_Test.carPool()'><b>carPool</b><br>Test class: Test_RedBus.rPool_Test</td>
<td></td>
<td>55</td>
<td>Test_RedBus.rPool_Test@5b7ea70d</td></tr>
<tr>
<td title='Test_RedBus.Operator_Bus_Test.findAllBusOperators()'><b>findAllBusOperators</b><br>Test class: Test_RedBus.Operator_Bus_Test</td>
<td></td>
<td>19</td>
<td>Test_RedBus.Operator_Bus_Test@2bef51f2</td></tr>
<tr>
<td title='Test_RedBus.Modify_Date_Test.modifyPage()'><b>modifyPage</b><br>Test class: Test_RedBus.Modify_Date_Test</td>
<td></td>
<td>34</td>
<td>Test_RedBus.Modify_Date_Test@56c9bbd8</td></tr>
<tr>
<td title='Test_RedBus.Search_Bus_Test.searchBuses()'><b>searchBuses</b><br>Test class: Test_RedBus.Search_Bus_Test</td>
<td></td>
<td>33</td>
<td>Test_RedBus.Search_Bus_Test@630cb4a4</td></tr>
<tr>
<td title='Test_RedBus.Operator_Bus_Test.searchBusesWithTopOperator()'><b>searchBusesWithTopOperator</b><br>Test class: Test_RedBus.Operator_Bus_Test</td>
<td></td>
<td>51</td>
<td>Test_RedBus.Operator_Bus_Test@2bef51f2</td></tr>
</table><p>
</body>
</html>