<?xml version="1.0" encoding="UTF-8"?>
<!-- Generated by org.testng.reporters.JUnitXMLReporter -->
<testsuite ignored="28" hostname="rajatsingh" failures="4" tests="20" name="Test" time="881.752" errors="0" timestamp="2021-02-11T20:15:47 IST">
  <testcase classname="Test_RedBus.Wallet_Card_Window_Test" name="SavedCardInWallet" time="39.065"/>
  <testcase classname="Test_RedBus.Sign_Out_From_All_Devices_Test" name="InValidSignOutFromAllDevices" time="35.503">
    <failure type="java.lang.AssertionError" message="The following asserts failed:
	expected [false] but found [true]">
      <![CDATA[java.lang.AssertionError: The following asserts failed:
expected [false] but found [true]
at Pages_RedBus.Wallet_Card_Window_Pages.HelpBtNIsNotDisplayed(Wallet_Card_Window_Pages.java:40)
at Test_RedBus.Sign_Out_From_All_Devices_Test.InValidSignOutFromAllDevices(Sign_Out_From_All_Devices_Test.java:68)
at java.base/java.util.ArrayList.forEach(ArrayList.java:1511)
... Removed 29 stack frames]]>
    </failure>
  </testcase> <!-- InValidSignOutFromAllDevices -->
  <testcase classname="Test_RedBus.Sign_Out_From_All_Devices_Test" name="ValidSignOutFromAllDevices" time="48.304"/>
  <testcase classname="Test_RedBus.Modify_Date_Test" name="modifyPage" time="34.701"/>
  <testcase classname="Test_RedBus.Search_Bus_Test" name="searchBuses" time="33.28"/>
  <testcase classname="Test_RedBus.My_Trips_Window_Test" name="MyTripsWindow" time="48.081"/>
  <testcase classname="Test_RedBus.My_Trips_Window_Test" name="MyTripsWindowFailed" time="62.318">
    <failure type="java.lang.AssertionError" message="The following asserts failed:
	expected [false] but found [true]">
      <![CDATA[java.lang.AssertionError: The following asserts failed:
expected [false] but found [true]
at Pages_RedBus.My_Trips_Window_Page.CompletedBtNIsNotDisplayed(My_Trips_Window_Page.java:48)
at Test_RedBus.My_Trips_Window_Test.MyTripsWindowFailed(My_Trips_Window_Test.java:65)
at java.base/java.util.ArrayList.forEach(ArrayList.java:1511)
... Removed 29 stack frames]]>
    </failure>
  </testcase> <!-- MyTripsWindowFailed -->
  <testcase classname="Test_RedBus.Wallet_Money_Test" name="WalletBalanceCheck" time="46.783"/>
  <testcase classname="Test_RedBus.Cancel_Ticket_Test" name="CancelTicketFuntion" time="68.187"/>
  <testcase classname="Test_RedBus.My_Profile_Window_Test" name="ProfileWindowCheck" time="41.831"/>
  <testcase classname="Test_RedBus.Show_My_Ticket_Test" name="ShowMyTicket" time="51.445"/>
  <testcase classname="Test_RedBus.Safety_Program_Test" name="SafetyProgramFuntionalityCheck" time="30.519"/>
  <testcase classname="Test_RedBus.Update_Profile_Test" name="ValidUpdate" time="44.624"/>
  <testcase classname="Test_RedBus.Update_Profile_Test" name="InvalidUpdate" time="55.255">
    <failure type="java.lang.AssertionError" message="The following asserts failed:
	expected [true] but found [false]">
      <![CDATA[java.lang.AssertionError: The following asserts failed:
expected [true] but found [false]
at Test_RedBus.Update_Profile_Test.InvalidUpdate(Update_Profile_Test.java:77)
at java.base/java.util.ArrayList.forEach(ArrayList.java:1511)
... Removed 29 stack frames]]>
    </failure>
  </testcase> <!-- InvalidUpdate -->
  <testcase classname="Test_RedBus.Know_More_Test" name="KnowMoreFuntionalityCheck" time="22.002"/>
  <testcase classname="Test_RedBus.Sign_In_Test" name="InValidSignIn" time="41.025">
    <failure type="java.lang.AssertionError" message="The following asserts failed:
	expected [true] but found [false]">
      <![CDATA[java.lang.AssertionError: The following asserts failed:
expected [true] but found [false]
at Test_RedBus.Sign_In_Test.InValidSignIn(Sign_In_Test.java:61)
at java.base/java.util.ArrayList.forEach(ArrayList.java:1511)
... Removed 29 stack frames]]>
    </failure>
  </testcase> <!-- InValidSignIn -->
  <testcase classname="Test_RedBus.Sign_In_Test" name="ValidSignIn" time="32.092"/>
  <testcase classname="Test_RedBus.rPool_Test" name="carPool" time="55.223"/>
  <testcase classname="Test_RedBus.Operator_Bus_Test" name="findAllBusOperators" time="19.412"/>
  <testcase classname="Test_RedBus.Operator_Bus_Test" name="searchBusesWithTopOperator" time="51.735"/>
  <testcase classname="CommonUtils.Base_Class" name="@AfterTest endReport" time="0.0">
    <ignored/>
  </testcase> <!-- @AfterTest endReport -->
  <testcase classname="CommonUtils.Base_Class" name="@AfterTest endReport" time="0.0">
    <ignored/>
  </testcase> <!-- @AfterTest endReport -->
  <testcase classname="CommonUtils.Base_Class" name="@AfterTest endReport" time="0.0">
    <ignored/>
  </testcase> <!-- @AfterTest endReport -->
  <testcase classname="CommonUtils.Base_Class" name="@AfterTest endReport" time="0.0">
    <ignored/>
  </testcase> <!-- @AfterTest endReport -->
  <testcase classname="CommonUtils.Base_Class" name="@AfterTest endReport" time="0.0">
    <ignored/>
  </testcase> <!-- @AfterTest endReport -->
  <testcase classname="CommonUtils.Base_Class" name="@AfterTest endReport" time="0.0">
    <ignored/>
  </testcase> <!-- @AfterTest endReport -->
  <testcase classname="CommonUtils.Base_Class" name="@AfterTest endReport" time="0.0">
    <ignored/>
  </testcase> <!-- @AfterTest endReport -->
  <testcase classname="CommonUtils.Base_Class" name="@AfterTest endReport" time="0.0">
    <ignored/>
  </testcase> <!-- @AfterTest endReport -->
  <testcase classname="CommonUtils.Base_Class" name="@AfterTest endReport" time="0.0">
    <ignored/>
  </testcase> <!-- @AfterTest endReport -->
  <testcase classname="CommonUtils.Base_Class" name="@AfterTest endReport" time="0.0">
    <ignored/>
  </testcase> <!-- @AfterTest endReport -->
  <testcase classname="CommonUtils.Base_Class" name="@AfterTest endReport" time="0.0">
    <ignored/>
  </testcase> <!-- @AfterTest endReport -->
  <testcase classname="CommonUtils.Base_Class" name="@AfterTest endReport" time="0.0">
    <ignored/>
  </testcase> <!-- @AfterTest endReport -->
  <testcase classname="CommonUtils.Base_Class" name="@AfterTest endReport" time="0.0">
    <ignored/>
  </testcase> <!-- @AfterTest endReport -->
  <testcase classname="CommonUtils.Base_Class" name="@AfterTest endReport" time="0.0">
    <ignored/>
  </testcase> <!-- @AfterTest endReport -->
  <testcase classname="CommonUtils.Base_Class" name="@BeforeTest setExtent" time="0.0">
    <ignored/>
  </testcase> <!-- @BeforeTest setExtent -->
  <testcase classname="CommonUtils.Base_Class" name="@BeforeTest setExtent" time="0.0">
    <ignored/>
  </testcase> <!-- @BeforeTest setExtent -->
  <testcase classname="CommonUtils.Base_Class" name="@BeforeTest setExtent" time="0.0">
    <ignored/>
  </testcase> <!-- @BeforeTest setExtent -->
  <testcase classname="CommonUtils.Base_Class" name="@BeforeTest setExtent" time="0.0">
    <ignored/>
  </testcase> <!-- @BeforeTest setExtent -->
  <testcase classname="CommonUtils.Base_Class" name="@BeforeTest setExtent" time="0.0">
    <ignored/>
  </testcase> <!-- @BeforeTest setExtent -->
  <testcase classname="CommonUtils.Base_Class" name="@BeforeTest setExtent" time="0.0">
    <ignored/>
  </testcase> <!-- @BeforeTest setExtent -->
  <testcase classname="CommonUtils.Base_Class" name="@BeforeTest setExtent" time="0.0">
    <ignored/>
  </testcase> <!-- @BeforeTest setExtent -->
  <testcase classname="CommonUtils.Base_Class" name="@BeforeTest setExtent" time="0.0">
    <ignored/>
  </testcase> <!-- @BeforeTest setExtent -->
  <testcase classname="CommonUtils.Base_Class" name="@BeforeTest setExtent" time="0.0">
    <ignored/>
  </testcase> <!-- @BeforeTest setExtent -->
  <testcase classname="CommonUtils.Base_Class" name="@BeforeTest setExtent" time="0.0">
    <ignored/>
  </testcase> <!-- @BeforeTest setExtent -->
  <testcase classname="CommonUtils.Base_Class" name="@BeforeTest setExtent" time="0.0">
    <ignored/>
  </testcase> <!-- @BeforeTest setExtent -->
  <testcase classname="CommonUtils.Base_Class" name="@BeforeTest setExtent" time="0.0">
    <ignored/>
  </testcase> <!-- @BeforeTest setExtent -->
  <testcase classname="CommonUtils.Base_Class" name="@BeforeTest setExtent" time="0.0">
    <ignored/>
  </testcase> <!-- @BeforeTest setExtent -->
  <testcase classname="CommonUtils.Base_Class" name="@BeforeTest setExtent" time="0.0">
    <ignored/>
  </testcase> <!-- @BeforeTest setExtent -->
</testsuite> <!-- Test -->
