<?xml version="1.0" encoding="UTF-8"?>
<testng-results ignored="28" total="48" passed="16" failed="4" skipped="0">
  <reporter-output>
  </reporter-output>
  <suite started-at="2021-02-11T20:01:05 IST" name="Suite" finished-at="2021-02-11T20:15:47 IST" duration-ms="881752">
    <groups>
    </groups>
    <test started-at="2021-02-11T20:01:05 IST" name="Test" finished-at="2021-02-11T20:15:47 IST" duration-ms="881752">
      <class name="Test_RedBus.Update_Profile_Test">
        <test-method signature="ValidUpdate()[pri:1, instance:Test_RedBus.Update_Profile_Test@5b057c8c]" started-at="2021-02-11T20:10:18 IST" name="ValidUpdate" finished-at="2021-02-11T20:11:02 IST" duration-ms="44624" status="PASS">
          <reporter-output>
          </reporter-output>
        </test-method> <!-- ValidUpdate -->
        <test-method is-config="true" signature="ScreenshotAttach(org.testng.ITestResult)[pri:0, instance:Test_RedBus.Update_Profile_Test@5b057c8c]" started-at="2021-02-11T20:11:02 IST" name="ScreenshotAttach" finished-at="2021-02-11T20:11:03 IST" duration-ms="775" status="PASS">
          <params>
            <param index="0">
              <value>
                <![CDATA[[TestResult name=ValidUpdate status=SUCCESS method=Update_Profile_Test.ValidUpdate()[pri:1, instance:Test_RedBus.Update_Profile_Test@5b057c8c] output={null}]]]>
              </value>
            </param>
          </params>
          <reporter-output>
          </reporter-output>
        </test-method> <!-- ScreenshotAttach -->
        <test-method signature="InvalidUpdate()[pri:2, instance:Test_RedBus.Update_Profile_Test@5b057c8c]" started-at="2021-02-11T20:11:03 IST" name="InvalidUpdate" finished-at="2021-02-11T20:11:58 IST" duration-ms="55255" status="FAIL">
          <exception class="java.lang.AssertionError">
            <message>
              <![CDATA[The following asserts failed:
expected [true] but found [false]]]>
            </message>
            <full-stacktrace>
              <![CDATA[java.lang.AssertionError: The following asserts failed:
expected [true] but found [false]
at org.testng.asserts.SoftAssert.assertAll(SoftAssert.java:47)
at org.testng.asserts.SoftAssert.assertAll(SoftAssert.java:31)
at Test_RedBus.Update_Profile_Test.InvalidUpdate(Update_Profile_Test.java:77)
at java.base/jdk.internal.reflect.NativeMethodAccessorImpl.invoke0(Native Method)
at java.base/jdk.internal.reflect.NativeMethodAccessorImpl.invoke(NativeMethodAccessorImpl.java:62)
at java.base/jdk.internal.reflect.DelegatingMethodAccessorImpl.invoke(DelegatingMethodAccessorImpl.java:43)
at java.base/java.lang.reflect.Method.invoke(Method.java:564)
at org.testng.internal.MethodInvocationHelper.invokeMethod(MethodInvocationHelper.java:134)
at org.testng.internal.TestInvoker.invokeMethod(TestInvoker.java:597)
at org.testng.internal.TestInvoker.invokeTestMethod(TestInvoker.java:173)
at org.testng.internal.MethodRunner.runInSequence(MethodRunner.java:46)
at org.testng.internal.TestInvoker$MethodInvocationAgent.invoke(TestInvoker.java:816)
at org.testng.internal.TestInvoker.invokeTestMethods(TestInvoker.java:146)
at org.testng.internal.TestMethodWorker.invokeTestMethods(TestMethodWorker.java:146)
at org.testng.internal.TestMethodWorker.run(TestMethodWorker.java:128)
at java.base/java.util.ArrayList.forEach(ArrayList.java:1511)
at org.testng.TestRunner.privateRun(TestRunner.java:766)
at org.testng.TestRunner.run(TestRunner.java:587)
at org.testng.SuiteRunner.runTest(SuiteRunner.java:384)
at org.testng.SuiteRunner.runSequentially(SuiteRunner.java:378)
at org.testng.SuiteRunner.privateRun(SuiteRunner.java:337)
at org.testng.SuiteRunner.run(SuiteRunner.java:286)
at org.testng.SuiteRunnerWorker.runSuite(SuiteRunnerWorker.java:53)
at org.testng.SuiteRunnerWorker.run(SuiteRunnerWorker.java:96)
at org.testng.TestNG.runSuitesSequentially(TestNG.java:1187)
at org.testng.TestNG.runSuitesLocally(TestNG.java:1109)
at org.testng.TestNG.runSuites(TestNG.java:1039)
at org.testng.TestNG.run(TestNG.java:1007)
at org.testng.remote.AbstractRemoteTestNG.run(AbstractRemoteTestNG.java:115)
at org.testng.remote.RemoteTestNG.initAndRun(RemoteTestNG.java:251)
at org.testng.remote.RemoteTestNG.main(RemoteTestNG.java:77)
]]>
            </full-stacktrace>
          </exception> <!-- java.lang.AssertionError -->
          <reporter-output>
          </reporter-output>
        </test-method> <!-- InvalidUpdate -->
        <test-method is-config="true" signature="ScreenshotAttach(org.testng.ITestResult)[pri:0, instance:Test_RedBus.Update_Profile_Test@5b057c8c]" started-at="2021-02-11T20:11:58 IST" name="ScreenshotAttach" finished-at="2021-02-11T20:11:59 IST" duration-ms="1239" status="PASS">
          <params>
            <param index="0">
              <value>
                <![CDATA[[TestResult name=InvalidUpdate status=FAILURE method=Update_Profile_Test.InvalidUpdate()[pri:2, instance:Test_RedBus.Update_Profile_Test@5b057c8c] output={null}]]]>
              </value>
            </param>
          </params>
          <reporter-output>
          </reporter-output>
        </test-method> <!-- ScreenshotAttach -->
      </class> <!-- Test_RedBus.Update_Profile_Test -->
      <class name="Test_RedBus.Know_More_Test">
        <test-method signature="KnowMoreFuntionalityCheck()[pri:1, instance:Test_RedBus.Know_More_Test@1eb6749b]" started-at="2021-02-11T20:11:59 IST" name="KnowMoreFuntionalityCheck" finished-at="2021-02-11T20:12:21 IST" duration-ms="22002" status="PASS">
          <reporter-output>
          </reporter-output>
        </test-method> <!-- KnowMoreFuntionalityCheck -->
        <test-method is-config="true" signature="ScreenshotAttach(org.testng.ITestResult)[pri:0, instance:Test_RedBus.Know_More_Test@1eb6749b]" started-at="2021-02-11T20:12:21 IST" name="ScreenshotAttach" finished-at="2021-02-11T20:12:22 IST" duration-ms="751" status="PASS">
          <params>
            <param index="0">
              <value>
                <![CDATA[[TestResult name=KnowMoreFuntionalityCheck status=SUCCESS method=Know_More_Test.KnowMoreFuntionalityCheck()[pri:1, instance:Test_RedBus.Know_More_Test@1eb6749b] output={null}]]]>
              </value>
            </param>
          </params>
          <reporter-output>
          </reporter-output>
        </test-method> <!-- ScreenshotAttach -->
      </class> <!-- Test_RedBus.Know_More_Test -->
      <class name="Test_RedBus.Safety_Program_Test">
        <test-method signature="SafetyProgramFuntionalityCheck()[pri:0, instance:Test_RedBus.Safety_Program_Test@619bfe29]" started-at="2021-02-11T20:09:46 IST" name="SafetyProgramFuntionalityCheck" finished-at="2021-02-11T20:10:17 IST" duration-ms="30519" status="PASS">
          <reporter-output>
          </reporter-output>
        </test-method> <!-- SafetyProgramFuntionalityCheck -->
        <test-method is-config="true" signature="ScreenshotAttach(org.testng.ITestResult)[pri:0, instance:Test_RedBus.Safety_Program_Test@619bfe29]" started-at="2021-02-11T20:10:17 IST" name="ScreenshotAttach" finished-at="2021-02-11T20:10:18 IST" duration-ms="826" status="PASS">
          <params>
            <param index="0">
              <value>
                <![CDATA[[TestResult name=SafetyProgramFuntionalityCheck status=SUCCESS method=Safety_Program_Test.SafetyProgramFuntionalityCheck()[pri:0, instance:Test_RedBus.Safety_Program_Test@619bfe29] output={null}]]]>
              </value>
            </param>
          </params>
          <reporter-output>
          </reporter-output>
        </test-method> <!-- ScreenshotAttach -->
      </class> <!-- Test_RedBus.Safety_Program_Test -->
      <class name="Test_RedBus.Sign_In_Test">
        <test-method signature="InValidSignIn()[pri:0, instance:Test_RedBus.Sign_In_Test@652a7737]" started-at="2021-02-11T20:12:22 IST" name="InValidSignIn" finished-at="2021-02-11T20:13:03 IST" duration-ms="41025" status="FAIL">
          <exception class="java.lang.AssertionError">
            <message>
              <![CDATA[The following asserts failed:
expected [true] but found [false]]]>
            </message>
            <full-stacktrace>
              <![CDATA[java.lang.AssertionError: The following asserts failed:
expected [true] but found [false]
at org.testng.asserts.SoftAssert.assertAll(SoftAssert.java:47)
at org.testng.asserts.SoftAssert.assertAll(SoftAssert.java:31)
at Test_RedBus.Sign_In_Test.InValidSignIn(Sign_In_Test.java:61)
at java.base/jdk.internal.reflect.NativeMethodAccessorImpl.invoke0(Native Method)
at java.base/jdk.internal.reflect.NativeMethodAccessorImpl.invoke(NativeMethodAccessorImpl.java:62)
at java.base/jdk.internal.reflect.DelegatingMethodAccessorImpl.invoke(DelegatingMethodAccessorImpl.java:43)
at java.base/java.lang.reflect.Method.invoke(Method.java:564)
at org.testng.internal.MethodInvocationHelper.invokeMethod(MethodInvocationHelper.java:134)
at org.testng.internal.TestInvoker.invokeMethod(TestInvoker.java:597)
at org.testng.internal.TestInvoker.invokeTestMethod(TestInvoker.java:173)
at org.testng.internal.MethodRunner.runInSequence(MethodRunner.java:46)
at org.testng.internal.TestInvoker$MethodInvocationAgent.invoke(TestInvoker.java:816)
at org.testng.internal.TestInvoker.invokeTestMethods(TestInvoker.java:146)
at org.testng.internal.TestMethodWorker.invokeTestMethods(TestMethodWorker.java:146)
at org.testng.internal.TestMethodWorker.run(TestMethodWorker.java:128)
at java.base/java.util.ArrayList.forEach(ArrayList.java:1511)
at org.testng.TestRunner.privateRun(TestRunner.java:766)
at org.testng.TestRunner.run(TestRunner.java:587)
at org.testng.SuiteRunner.runTest(SuiteRunner.java:384)
at org.testng.SuiteRunner.runSequentially(SuiteRunner.java:378)
at org.testng.SuiteRunner.privateRun(SuiteRunner.java:337)
at org.testng.SuiteRunner.run(SuiteRunner.java:286)
at org.testng.SuiteRunnerWorker.runSuite(SuiteRunnerWorker.java:53)
at org.testng.SuiteRunnerWorker.run(SuiteRunnerWorker.java:96)
at org.testng.TestNG.runSuitesSequentially(TestNG.java:1187)
at org.testng.TestNG.runSuitesLocally(TestNG.java:1109)
at org.testng.TestNG.runSuites(TestNG.java:1039)
at org.testng.TestNG.run(TestNG.java:1007)
at org.testng.remote.AbstractRemoteTestNG.run(AbstractRemoteTestNG.java:115)
at org.testng.remote.RemoteTestNG.initAndRun(RemoteTestNG.java:251)
at org.testng.remote.RemoteTestNG.main(RemoteTestNG.java:77)
]]>
            </full-stacktrace>
          </exception> <!-- java.lang.AssertionError -->
          <reporter-output>
          </reporter-output>
        </test-method> <!-- InValidSignIn -->
        <test-method is-config="true" signature="ScreenshotAttach(org.testng.ITestResult)[pri:0, instance:Test_RedBus.Sign_In_Test@652a7737]" started-at="2021-02-11T20:13:03 IST" name="ScreenshotAttach" finished-at="2021-02-11T20:13:05 IST" duration-ms="1386" status="PASS">
          <params>
            <param index="0">
              <value>
                <![CDATA[[TestResult name=InValidSignIn status=FAILURE method=Sign_In_Test.InValidSignIn()[pri:0, instance:Test_RedBus.Sign_In_Test@652a7737] output={null}]]]>
              </value>
            </param>
          </params>
          <reporter-output>
          </reporter-output>
        </test-method> <!-- ScreenshotAttach -->
        <test-method signature="ValidSignIn()[pri:0, instance:Test_RedBus.Sign_In_Test@652a7737]" started-at="2021-02-11T20:13:05 IST" name="ValidSignIn" finished-at="2021-02-11T20:13:37 IST" duration-ms="32092" status="PASS">
          <reporter-output>
          </reporter-output>
        </test-method> <!-- ValidSignIn -->
        <test-method is-config="true" signature="ScreenshotAttach(org.testng.ITestResult)[pri:0, instance:Test_RedBus.Sign_In_Test@652a7737]" started-at="2021-02-11T20:13:37 IST" name="ScreenshotAttach" finished-at="2021-02-11T20:13:37 IST" duration-ms="757" status="PASS">
          <params>
            <param index="0">
              <value>
                <![CDATA[[TestResult name=ValidSignIn status=SUCCESS method=Sign_In_Test.ValidSignIn()[pri:0, instance:Test_RedBus.Sign_In_Test@652a7737] output={null}]]]>
              </value>
            </param>
          </params>
          <reporter-output>
          </reporter-output>
        </test-method> <!-- ScreenshotAttach -->
      </class> <!-- Test_RedBus.Sign_In_Test -->
      <class name="Test_RedBus.My_Profile_Window_Test">
        <test-method signature="ProfileWindowCheck()[pri:0, instance:Test_RedBus.My_Profile_Window_Test@12dae582]" started-at="2021-02-11T20:08:11 IST" name="ProfileWindowCheck" finished-at="2021-02-11T20:08:53 IST" duration-ms="41831" status="PASS">
          <reporter-output>
          </reporter-output>
        </test-method> <!-- ProfileWindowCheck -->
        <test-method is-config="true" signature="ScreenshotAttach(org.testng.ITestResult)[pri:0, instance:Test_RedBus.My_Profile_Window_Test@12dae582]" started-at="2021-02-11T20:08:53 IST" name="ScreenshotAttach" finished-at="2021-02-11T20:08:54 IST" duration-ms="774" status="PASS">
          <params>
            <param index="0">
              <value>
                <![CDATA[[TestResult name=ProfileWindowCheck status=SUCCESS method=My_Profile_Window_Test.ProfileWindowCheck()[pri:0, instance:Test_RedBus.My_Profile_Window_Test@12dae582] output={null}]]]>
              </value>
            </param>
          </params>
          <reporter-output>
          </reporter-output>
        </test-method> <!-- ScreenshotAttach -->
      </class> <!-- Test_RedBus.My_Profile_Window_Test -->
      <class name="Test_RedBus.My_Trips_Window_Test">
        <test-method signature="MyTripsWindow()[pri:0, instance:Test_RedBus.My_Trips_Window_Test@636e8cc]" started-at="2021-02-11T20:04:22 IST" name="MyTripsWindow" finished-at="2021-02-11T20:05:10 IST" duration-ms="48081" status="PASS">
          <reporter-output>
          </reporter-output>
        </test-method> <!-- MyTripsWindow -->
        <test-method is-config="true" signature="ScreenshotAttach(org.testng.ITestResult)[pri:0, instance:Test_RedBus.My_Trips_Window_Test@636e8cc]" started-at="2021-02-11T20:05:10 IST" name="ScreenshotAttach" finished-at="2021-02-11T20:05:11 IST" duration-ms="769" status="PASS">
          <params>
            <param index="0">
              <value>
                <![CDATA[[TestResult name=MyTripsWindow status=SUCCESS method=My_Trips_Window_Test.MyTripsWindow()[pri:0, instance:Test_RedBus.My_Trips_Window_Test@636e8cc] output={null}]]]>
              </value>
            </param>
          </params>
          <reporter-output>
          </reporter-output>
        </test-method> <!-- ScreenshotAttach -->
        <test-method signature="MyTripsWindowFailed()[pri:0, instance:Test_RedBus.My_Trips_Window_Test@636e8cc]" started-at="2021-02-11T20:05:11 IST" name="MyTripsWindowFailed" finished-at="2021-02-11T20:06:14 IST" duration-ms="62318" status="FAIL">
          <exception class="java.lang.AssertionError">
            <message>
              <![CDATA[The following asserts failed:
expected [false] but found [true]]]>
            </message>
            <full-stacktrace>
              <![CDATA[java.lang.AssertionError: The following asserts failed:
expected [false] but found [true]
at org.testng.asserts.SoftAssert.assertAll(SoftAssert.java:47)
at org.testng.asserts.SoftAssert.assertAll(SoftAssert.java:31)
at Pages_RedBus.My_Trips_Window_Page.CompletedBtNIsNotDisplayed(My_Trips_Window_Page.java:48)
at Test_RedBus.My_Trips_Window_Test.MyTripsWindowFailed(My_Trips_Window_Test.java:65)
at java.base/jdk.internal.reflect.NativeMethodAccessorImpl.invoke0(Native Method)
at java.base/jdk.internal.reflect.NativeMethodAccessorImpl.invoke(NativeMethodAccessorImpl.java:62)
at java.base/jdk.internal.reflect.DelegatingMethodAccessorImpl.invoke(DelegatingMethodAccessorImpl.java:43)
at java.base/java.lang.reflect.Method.invoke(Method.java:564)
at org.testng.internal.MethodInvocationHelper.invokeMethod(MethodInvocationHelper.java:134)
at org.testng.internal.TestInvoker.invokeMethod(TestInvoker.java:597)
at org.testng.internal.TestInvoker.invokeTestMethod(TestInvoker.java:173)
at org.testng.internal.MethodRunner.runInSequence(MethodRunner.java:46)
at org.testng.internal.TestInvoker$MethodInvocationAgent.invoke(TestInvoker.java:816)
at org.testng.internal.TestInvoker.invokeTestMethods(TestInvoker.java:146)
at org.testng.internal.TestMethodWorker.invokeTestMethods(TestMethodWorker.java:146)
at org.testng.internal.TestMethodWorker.run(TestMethodWorker.java:128)
at java.base/java.util.ArrayList.forEach(ArrayList.java:1511)
at org.testng.TestRunner.privateRun(TestRunner.java:766)
at org.testng.TestRunner.run(TestRunner.java:587)
at org.testng.SuiteRunner.runTest(SuiteRunner.java:384)
at org.testng.SuiteRunner.runSequentially(SuiteRunner.java:378)
at org.testng.SuiteRunner.privateRun(SuiteRunner.java:337)
at org.testng.SuiteRunner.run(SuiteRunner.java:286)
at org.testng.SuiteRunnerWorker.runSuite(SuiteRunnerWorker.java:53)
at org.testng.SuiteRunnerWorker.run(SuiteRunnerWorker.java:96)
at org.testng.TestNG.runSuitesSequentially(TestNG.java:1187)
at org.testng.TestNG.runSuitesLocally(TestNG.java:1109)
at org.testng.TestNG.runSuites(TestNG.java:1039)
at org.testng.TestNG.run(TestNG.java:1007)
at org.testng.remote.AbstractRemoteTestNG.run(AbstractRemoteTestNG.java:115)
at org.testng.remote.RemoteTestNG.initAndRun(RemoteTestNG.java:251)
at org.testng.remote.RemoteTestNG.main(RemoteTestNG.java:77)
]]>
            </full-stacktrace>
          </exception> <!-- java.lang.AssertionError -->
          <reporter-output>
          </reporter-output>
        </test-method> <!-- MyTripsWindowFailed -->
        <test-method is-config="true" signature="ScreenshotAttach(org.testng.ITestResult)[pri:0, instance:Test_RedBus.My_Trips_Window_Test@636e8cc]" started-at="2021-02-11T20:06:14 IST" name="ScreenshotAttach" finished-at="2021-02-11T20:06:15 IST" duration-ms="1438" status="PASS">
          <params>
            <param index="0">
              <value>
                <![CDATA[[TestResult name=MyTripsWindowFailed status=FAILURE method=My_Trips_Window_Test.MyTripsWindowFailed()[pri:0, instance:Test_RedBus.My_Trips_Window_Test@636e8cc] output={null}]]]>
              </value>
            </param>
          </params>
          <reporter-output>
          </reporter-output>
        </test-method> <!-- ScreenshotAttach -->
      </class> <!-- Test_RedBus.My_Trips_Window_Test -->
      <class name="Test_RedBus.Show_My_Ticket_Test">
        <test-method signature="ShowMyTicket()[pri:0, instance:Test_RedBus.Show_My_Ticket_Test@239b0f9d]" started-at="2021-02-11T20:08:54 IST" name="ShowMyTicket" finished-at="2021-02-11T20:09:45 IST" duration-ms="51445" status="PASS">
          <reporter-output>
          </reporter-output>
        </test-method> <!-- ShowMyTicket -->
        <test-method is-config="true" signature="ScreenshotAttach(org.testng.ITestResult)[pri:0, instance:Test_RedBus.Show_My_Ticket_Test@239b0f9d]" started-at="2021-02-11T20:09:45 IST" name="ScreenshotAttach" finished-at="2021-02-11T20:09:46 IST" duration-ms="715" status="PASS">
          <params>
            <param index="0">
              <value>
                <![CDATA[[TestResult name=ShowMyTicket status=SUCCESS method=Show_My_Ticket_Test.ShowMyTicket()[pri:0, instance:Test_RedBus.Show_My_Ticket_Test@239b0f9d] output={null}]]]>
              </value>
            </param>
          </params>
          <reporter-output>
          </reporter-output>
        </test-method> <!-- ScreenshotAttach -->
      </class> <!-- Test_RedBus.Show_My_Ticket_Test -->
      <class name="Test_RedBus.Operator_Bus_Test">
        <test-method signature="findAllBusOperators()[pri:0, instance:Test_RedBus.Operator_Bus_Test@2bef51f2]" started-at="2021-02-11T20:14:33 IST" name="findAllBusOperators" finished-at="2021-02-11T20:14:53 IST" duration-ms="19412" status="PASS">
          <reporter-output>
          </reporter-output>
        </test-method> <!-- findAllBusOperators -->
        <test-method is-config="true" signature="ScreenshotAttach(org.testng.ITestResult)[pri:0, instance:Test_RedBus.Operator_Bus_Test@2bef51f2]" started-at="2021-02-11T20:14:53 IST" name="ScreenshotAttach" finished-at="2021-02-11T20:14:54 IST" duration-ms="721" status="PASS">
          <params>
            <param index="0">
              <value>
                <![CDATA[[TestResult name=findAllBusOperators status=SUCCESS method=Operator_Bus_Test.findAllBusOperators()[pri:0, instance:Test_RedBus.Operator_Bus_Test@2bef51f2] output={null}]]]>
              </value>
            </param>
          </params>
          <reporter-output>
          </reporter-output>
        </test-method> <!-- ScreenshotAttach -->
        <test-method signature="searchBusesWithTopOperator()[pri:0, instance:Test_RedBus.Operator_Bus_Test@2bef51f2]" started-at="2021-02-11T20:14:54 IST" name="searchBusesWithTopOperator" finished-at="2021-02-11T20:15:45 IST" duration-ms="51735" status="PASS">
          <reporter-output>
          </reporter-output>
        </test-method> <!-- searchBusesWithTopOperator -->
        <test-method is-config="true" signature="ScreenshotAttach(org.testng.ITestResult)[pri:0, instance:Test_RedBus.Operator_Bus_Test@2bef51f2]" started-at="2021-02-11T20:15:45 IST" name="ScreenshotAttach" finished-at="2021-02-11T20:15:46 IST" duration-ms="754" status="PASS">
          <params>
            <param index="0">
              <value>
                <![CDATA[[TestResult name=searchBusesWithTopOperator status=SUCCESS method=Operator_Bus_Test.searchBusesWithTopOperator()[pri:0, instance:Test_RedBus.Operator_Bus_Test@2bef51f2] output={null}]]]>
              </value>
            </param>
          </params>
          <reporter-output>
          </reporter-output>
        </test-method> <!-- ScreenshotAttach -->
      </class> <!-- Test_RedBus.Operator_Bus_Test -->
      <class name="Test_RedBus.Search_Bus_Test">
        <test-method signature="searchBuses()[pri:0, instance:Test_RedBus.Search_Bus_Test@630cb4a4]" started-at="2021-02-11T20:03:48 IST" name="searchBuses" finished-at="2021-02-11T20:04:22 IST" duration-ms="33280" status="PASS">
          <reporter-output>
          </reporter-output>
        </test-method> <!-- searchBuses -->
        <test-method is-config="true" signature="ScreenshotAttach(org.testng.ITestResult)[pri:0, instance:Test_RedBus.Search_Bus_Test@630cb4a4]" started-at="2021-02-11T20:04:22 IST" name="ScreenshotAttach" finished-at="2021-02-11T20:04:22 IST" duration-ms="669" status="PASS">
          <params>
            <param index="0">
              <value>
                <![CDATA[[TestResult name=searchBuses status=SUCCESS method=Search_Bus_Test.searchBuses()[pri:0, instance:Test_RedBus.Search_Bus_Test@630cb4a4] output={null}]]]>
              </value>
            </param>
          </params>
          <reporter-output>
          </reporter-output>
        </test-method> <!-- ScreenshotAttach -->
      </class> <!-- Test_RedBus.Search_Bus_Test -->
      <class name="Test_RedBus.rPool_Test">
        <test-method signature="carPool()[pri:0, instance:Test_RedBus.rPool_Test@5b7ea70d]" started-at="2021-02-11T20:13:37 IST" name="carPool" finished-at="2021-02-11T20:14:33 IST" duration-ms="55223" status="PASS">
          <reporter-output>
          </reporter-output>
        </test-method> <!-- carPool -->
        <test-method is-config="true" signature="ScreenshotAttach(org.testng.ITestResult)[pri:0, instance:Test_RedBus.rPool_Test@5b7ea70d]" started-at="2021-02-11T20:14:33 IST" name="ScreenshotAttach" finished-at="2021-02-11T20:14:33 IST" duration-ms="762" status="PASS">
          <params>
            <param index="0">
              <value>
                <![CDATA[[TestResult name=carPool status=SUCCESS method=rPool_Test.carPool()[pri:0, instance:Test_RedBus.rPool_Test@5b7ea70d] output={null}]]]>
              </value>
            </param>
          </params>
          <reporter-output>
          </reporter-output>
        </test-method> <!-- ScreenshotAttach -->
      </class> <!-- Test_RedBus.rPool_Test -->
      <class name="Test_RedBus.Modify_Date_Test">
        <test-method signature="modifyPage()[pri:0, instance:Test_RedBus.Modify_Date_Test@56c9bbd8]" started-at="2021-02-11T20:03:13 IST" name="modifyPage" finished-at="2021-02-11T20:03:48 IST" duration-ms="34701" status="PASS">
          <reporter-output>
          </reporter-output>
        </test-method> <!-- modifyPage -->
        <test-method is-config="true" signature="ScreenshotAttach(org.testng.ITestResult)[pri:0, instance:Test_RedBus.Modify_Date_Test@56c9bbd8]" started-at="2021-02-11T20:03:48 IST" name="ScreenshotAttach" finished-at="2021-02-11T20:03:48 IST" duration-ms="674" status="PASS">
          <params>
            <param index="0">
              <value>
                <![CDATA[[TestResult name=modifyPage status=SUCCESS method=Modify_Date_Test.modifyPage()[pri:0, instance:Test_RedBus.Modify_Date_Test@56c9bbd8] output={null}]]]>
              </value>
            </param>
          </params>
          <reporter-output>
          </reporter-output>
        </test-method> <!-- ScreenshotAttach -->
      </class> <!-- Test_RedBus.Modify_Date_Test -->
      <class name="Test_RedBus.Sign_Out_From_All_Devices_Test">
        <test-method signature="InValidSignOutFromAllDevices()[pri:0, instance:Test_RedBus.Sign_Out_From_All_Devices_Test@654d8173]" started-at="2021-02-11T20:01:45 IST" name="InValidSignOutFromAllDevices" finished-at="2021-02-11T20:02:21 IST" duration-ms="35503" status="FAIL">
          <exception class="java.lang.AssertionError">
            <message>
              <![CDATA[The following asserts failed:
expected [false] but found [true]]]>
            </message>
            <full-stacktrace>
              <![CDATA[java.lang.AssertionError: The following asserts failed:
expected [false] but found [true]
at org.testng.asserts.SoftAssert.assertAll(SoftAssert.java:47)
at org.testng.asserts.SoftAssert.assertAll(SoftAssert.java:31)
at Pages_RedBus.Wallet_Card_Window_Pages.HelpBtNIsNotDisplayed(Wallet_Card_Window_Pages.java:40)
at Test_RedBus.Sign_Out_From_All_Devices_Test.InValidSignOutFromAllDevices(Sign_Out_From_All_Devices_Test.java:68)
at java.base/jdk.internal.reflect.NativeMethodAccessorImpl.invoke0(Native Method)
at java.base/jdk.internal.reflect.NativeMethodAccessorImpl.invoke(NativeMethodAccessorImpl.java:62)
at java.base/jdk.internal.reflect.DelegatingMethodAccessorImpl.invoke(DelegatingMethodAccessorImpl.java:43)
at java.base/java.lang.reflect.Method.invoke(Method.java:564)
at org.testng.internal.MethodInvocationHelper.invokeMethod(MethodInvocationHelper.java:134)
at org.testng.internal.TestInvoker.invokeMethod(TestInvoker.java:597)
at org.testng.internal.TestInvoker.invokeTestMethod(TestInvoker.java:173)
at org.testng.internal.MethodRunner.runInSequence(MethodRunner.java:46)
at org.testng.internal.TestInvoker$MethodInvocationAgent.invoke(TestInvoker.java:816)
at org.testng.internal.TestInvoker.invokeTestMethods(TestInvoker.java:146)
at org.testng.internal.TestMethodWorker.invokeTestMethods(TestMethodWorker.java:146)
at org.testng.internal.TestMethodWorker.run(TestMethodWorker.java:128)
at java.base/java.util.ArrayList.forEach(ArrayList.java:1511)
at org.testng.TestRunner.privateRun(TestRunner.java:766)
at org.testng.TestRunner.run(TestRunner.java:587)
at org.testng.SuiteRunner.runTest(SuiteRunner.java:384)
at org.testng.SuiteRunner.runSequentially(SuiteRunner.java:378)
at org.testng.SuiteRunner.privateRun(SuiteRunner.java:337)
at org.testng.SuiteRunner.run(SuiteRunner.java:286)
at org.testng.SuiteRunnerWorker.runSuite(SuiteRunnerWorker.java:53)
at org.testng.SuiteRunnerWorker.run(SuiteRunnerWorker.java:96)
at org.testng.TestNG.runSuitesSequentially(TestNG.java:1187)
at org.testng.TestNG.runSuitesLocally(TestNG.java:1109)
at org.testng.TestNG.runSuites(TestNG.java:1039)
at org.testng.TestNG.run(TestNG.java:1007)
at org.testng.remote.AbstractRemoteTestNG.run(AbstractRemoteTestNG.java:115)
at org.testng.remote.RemoteTestNG.initAndRun(RemoteTestNG.java:251)
at org.testng.remote.RemoteTestNG.main(RemoteTestNG.java:77)
]]>
            </full-stacktrace>
          </exception> <!-- java.lang.AssertionError -->
          <reporter-output>
          </reporter-output>
        </test-method> <!-- InValidSignOutFromAllDevices -->
        <test-method is-config="true" signature="ScreenshotAttach(org.testng.ITestResult)[pri:0, instance:Test_RedBus.Sign_Out_From_All_Devices_Test@654d8173]" started-at="2021-02-11T20:02:21 IST" name="ScreenshotAttach" finished-at="2021-02-11T20:02:24 IST" duration-ms="3443" status="PASS">
          <params>
            <param index="0">
              <value>
                <![CDATA[[TestResult name=InValidSignOutFromAllDevices status=FAILURE method=Sign_Out_From_All_Devices_Test.InValidSignOutFromAllDevices()[pri:0, instance:Test_RedBus.Sign_Out_From_All_Devices_Test@654d8173] output={null}]]]>
              </value>
            </param>
          </params>
          <reporter-output>
          </reporter-output>
        </test-method> <!-- ScreenshotAttach -->
        <test-method signature="ValidSignOutFromAllDevices()[pri:0, instance:Test_RedBus.Sign_Out_From_All_Devices_Test@654d8173]" started-at="2021-02-11T20:02:24 IST" name="ValidSignOutFromAllDevices" finished-at="2021-02-11T20:03:12 IST" duration-ms="48304" status="PASS">
          <reporter-output>
          </reporter-output>
        </test-method> <!-- ValidSignOutFromAllDevices -->
        <test-method is-config="true" signature="ScreenshotAttach(org.testng.ITestResult)[pri:0, instance:Test_RedBus.Sign_Out_From_All_Devices_Test@654d8173]" started-at="2021-02-11T20:03:12 IST" name="ScreenshotAttach" finished-at="2021-02-11T20:03:13 IST" duration-ms="704" status="PASS">
          <params>
            <param index="0">
              <value>
                <![CDATA[[TestResult name=ValidSignOutFromAllDevices status=SUCCESS method=Sign_Out_From_All_Devices_Test.ValidSignOutFromAllDevices()[pri:0, instance:Test_RedBus.Sign_Out_From_All_Devices_Test@654d8173] output={null}]]]>
              </value>
            </param>
          </params>
          <reporter-output>
          </reporter-output>
        </test-method> <!-- ScreenshotAttach -->
      </class> <!-- Test_RedBus.Sign_Out_From_All_Devices_Test -->
      <class name="Test_RedBus.Wallet_Card_Window_Test">
        <test-method is-config="true" signature="setExtent()[pri:0, instance:Test_RedBus.Wallet_Card_Window_Test@5827af16]" started-at="2021-02-11T20:01:05 IST" name="setExtent" finished-at="2021-02-11T20:01:05 IST" duration-ms="155" status="PASS">
          <reporter-output>
          </reporter-output>
        </test-method> <!-- setExtent -->
        <test-method signature="SavedCardInWallet()[pri:0, instance:Test_RedBus.Wallet_Card_Window_Test@5827af16]" started-at="2021-02-11T20:01:05 IST" name="SavedCardInWallet" finished-at="2021-02-11T20:01:44 IST" duration-ms="39065" status="PASS">
          <reporter-output>
          </reporter-output>
        </test-method> <!-- SavedCardInWallet -->
        <test-method is-config="true" signature="ScreenshotAttach(org.testng.ITestResult)[pri:0, instance:Test_RedBus.Wallet_Card_Window_Test@5827af16]" started-at="2021-02-11T20:01:44 IST" name="ScreenshotAttach" finished-at="2021-02-11T20:01:45 IST" duration-ms="769" status="PASS">
          <params>
            <param index="0">
              <value>
                <![CDATA[[TestResult name=SavedCardInWallet status=SUCCESS method=Wallet_Card_Window_Test.SavedCardInWallet()[pri:0, instance:Test_RedBus.Wallet_Card_Window_Test@5827af16] output={null}]]]>
              </value>
            </param>
          </params>
          <reporter-output>
          </reporter-output>
        </test-method> <!-- ScreenshotAttach -->
        <test-method is-config="true" signature="endReport()[pri:0, instance:Test_RedBus.Wallet_Card_Window_Test@5827af16]" started-at="2021-02-11T20:15:46 IST" name="endReport" finished-at="2021-02-11T20:15:47 IST" duration-ms="701" status="PASS">
          <reporter-output>
          </reporter-output>
        </test-method> <!-- endReport -->
      </class> <!-- Test_RedBus.Wallet_Card_Window_Test -->
      <class name="Test_RedBus.Wallet_Money_Test">
        <test-method signature="WalletBalanceCheck()[pri:0, instance:Test_RedBus.Wallet_Money_Test@f79a760]" started-at="2021-02-11T20:06:15 IST" name="WalletBalanceCheck" finished-at="2021-02-11T20:07:02 IST" duration-ms="46783" status="PASS">
          <reporter-output>
          </reporter-output>
        </test-method> <!-- WalletBalanceCheck -->
        <test-method is-config="true" signature="ScreenshotAttach(org.testng.ITestResult)[pri:0, instance:Test_RedBus.Wallet_Money_Test@f79a760]" started-at="2021-02-11T20:07:02 IST" name="ScreenshotAttach" finished-at="2021-02-11T20:07:03 IST" duration-ms="774" status="PASS">
          <params>
            <param index="0">
              <value>
                <![CDATA[[TestResult name=WalletBalanceCheck status=SUCCESS method=Wallet_Money_Test.WalletBalanceCheck()[pri:0, instance:Test_RedBus.Wallet_Money_Test@f79a760] output={null}]]]>
              </value>
            </param>
          </params>
          <reporter-output>
          </reporter-output>
        </test-method> <!-- ScreenshotAttach -->
      </class> <!-- Test_RedBus.Wallet_Money_Test -->
      <class name="Test_RedBus.Cancel_Ticket_Test">
        <test-method signature="CancelTicketFuntion()[pri:0, instance:Test_RedBus.Cancel_Ticket_Test@14f5da2c]" started-at="2021-02-11T20:07:03 IST" name="CancelTicketFuntion" finished-at="2021-02-11T20:08:11 IST" duration-ms="68187" status="PASS">
          <reporter-output>
          </reporter-output>
        </test-method> <!-- CancelTicketFuntion -->
        <test-method is-config="true" signature="ScreenshotAttach(org.testng.ITestResult)[pri:0, instance:Test_RedBus.Cancel_Ticket_Test@14f5da2c]" started-at="2021-02-11T20:08:11 IST" name="ScreenshotAttach" finished-at="2021-02-11T20:08:11 IST" duration-ms="662" status="PASS">
          <params>
            <param index="0">
              <value>
                <![CDATA[[TestResult name=CancelTicketFuntion status=SUCCESS method=Cancel_Ticket_Test.CancelTicketFuntion()[pri:0, instance:Test_RedBus.Cancel_Ticket_Test@14f5da2c] output={null}]]]>
              </value>
            </param>
          </params>
          <reporter-output>
          </reporter-output>
        </test-method> <!-- ScreenshotAttach -->
      </class> <!-- Test_RedBus.Cancel_Ticket_Test -->
    </test> <!-- Test -->
  </suite> <!-- Suite -->
</testng-results>
